# IPython log file

get_ipython().magic(u'cd "H:\\1st hour - computer science\\1.4\\1.4.7\\Family Pictures"')
get_ipython().magic(u'logstart -ort KBasinski_ZWinegar_1_2_3.log')
get_ipython().magic(u'run "H:/1st hour - computer science/1.4/1.4.7/1.4.7.py"')
get_ipython().magic(u'logstop')
get_ipython().magic(u'logstart')
round_corners_of_all_images()
get_ipython().magic(u'run "H:/1st hour - computer science/1.4/1.4.7/1.4.7.py"')
round_corners_of_all_images()
get_ipython().magic(u'run "H:/1st hour - computer science/1.4/1.4.7/1.4.7.py"')
round_corners_of_all_images()
get_ipython().magic(u'run "H:/1st hour - computer science/1.4/1.4.7/1.4.7.py"')
round_corners_of_all_images()
get_ipython().magic(u'run "H:/1st hour - computer science/1.4/1.4.7/1.4.7.py"')
round_corners_of_all_images()
get_ipython().magic(u'run "H:/1st hour - computer science/1.4/1.4.7/1.4.7.py"')
get_ipython().magic(u'run "H:/1st hour - computer science/1.4/1.4.7/1.4.7.py"')
get_ipython().magic(u'run "H:/1st hour - computer science/1.4/1.4.7/1.4.7.py"')
get_ipython().magic(u'run "H:/1st hour - computer science/1.4/1.4.7/1.4.7.py"')
get_ipython().magic(u'run "H:/1st hour - computer science/1.4/1.4.7/1.4.7.py"')
round_corners_of_all_images()
get_ipython().magic(u'run "H:/1st hour - computer science/1.4/1.4.7/1.4.7.py"')
round_corners_of_all_images()
get_ipython().magic(u'run "H:/1st hour - computer science/1.4/1.4.7/1.4.7.py"')
round_corners_of_all_images()
get_ipython().magic(u'run "H:/1st hour - computer science/1.4/1.4.5/mask.py"')
get_ipython().magic(u'run "H:/1st hour - computer science/1.4/1.4.5/mask.py"')
get_ipython().magic(u'run "H:/1st hour - computer science/1.4/1.4.5/mask.py"')
get_ipython().magic(u'run "H:/1st hour - computer science/1.4/1.4.5/mask.py"')
get_ipython().magic(u'run "H:/1st hour - computer science/1.4/1.4.5/mask.py"')
get_ipython().magic(u'run "H:/1st hour - computer science/1.4/1.4.5/mask.py"')
get_ipython().magic(u'run "H:/1st hour - computer science/1.4/1.4.4/earthEyes.py"')
get_ipython().magic(u'cd "H:\\1st hour - computer science\\1.4\\1.4.4"')
get_ipython().magic(u'run "H:/1st hour - computer science/1.4/1.4.4/earthEyes.py"')
get_ipython().magic(u'cd "H:\\1st hour - computer science\\1.4\\1.4.7\\Family Pictures"')
get_ipython().magic(u'run "H:/1st hour - computer science/1.4/1.4.4/earthEyes.py"')
get_ipython().magic(u'run "H:/1st hour - computer science/1.4/1.4.4/earthEyes.py"')
get_ipython().magic(u'run "H:/1st hour - computer science/1.4/1.4.4/earthEyes.py"')
get_ipython().magic(u'run "H:/1st hour - computer science/1.4/1.4.4/earthEyes.py"')
get_ipython().magic(u'run "H:/1st hour - computer science/1.4/1.4.4/earthEyes.py"')
get_ipython().magic(u'run "H:/1st hour - computer science/1.4/1.4.4/earthEyes.py"')
get_ipython().magic(u'run "H:/1st hour - computer science/1.4/1.4.7/1.4.7.py"')
round_corners_of_all_images()
